Arguments: 
  C:\Program Files\nodejs\node.exe C:\Users\andrea.terzani\AppData\Roaming\npm\node_modules\yarn\bin\yarn.js init

PATH: 
  C:\Program Files\ConEmu\ConEmu\Scripts;C:\Program Files\ConEmu;C:\Program Files\ConEmu\ConEmu;C:\Program Files\Docker\Docker\Resources\bin;C:\ProgramData\Oracle\Java\javapath;C:\Users\andrea.terzani\AppData\Local\Programs\Python\Python36-32\Scripts;C:\Users\andrea.terzani\AppData\Local\Programs\Python\Python36-32;C:\Program Files\Java\jdk1.8.0_73\bin;C:\Users\andrea.terzani\Desktop;C:\Users\andrea.terzani\AppData\Local\atom\bin;C:\Users\andrea.terzani\AppData\Roaming\npm;C:\Program Files (x86)\Microsoft VS Code\bin;C:\Users\andrea.terzani\AppData\Local\Programs\Python\Python35;C:\oracle\product\11.2.0\client_1\bin;C:\WINDOWS\system32;C:\WINDOWS;C:\WINDOWS\System32\Wbem;C:\WINDOWS\System32\WindowsPowerShell\v1.0\;C:\Program Files\PuTTY\;C:\Users\andrea.terzani\AppData\Local\Programs\Git\cmd;C:\Program Files\nodejs\;C:\Program Files (x86)\Windows Kits\8.1\Windows Performance Toolkit\;C:\RailsInstaller\Ruby2.3.3\bin;C:\Users\andrea.terzani\AppData\Local\Programs\Python\Python36-32\Scripts\;C:\Users\andrea.terzani\AppData\Local\Programs\Python\Python36-32\;C:\RailsInstaller\Ruby2.3.0\bin;C:\Users\andrea.terzani\AppData\Local\Programs\Python\Python35\Scripts\;C:\Users\andrea.terzani\AppData\Local\Programs\Python\Python35\;C:\RailsInstaller\Git\cmd;C:\RailsInstaller\Ruby2.2.0\bin;C:\Ruby22\bin;C:\Users\andrea.terzani\AppData\Local\.meteor\;C:\Program;C:\grails\grails-3.1.1\bin;C:\Program Files\Java\jdk1.8.0_73\bin;C:\Users\andrea.terzani\Desktop;C:\Users\andrea.terzani\AppData\Local\atom\bin;C:\Program Files (x86)\Microsoft VS Code\bin;C:\Program Files (x86)\Graphviz2.38\bin;C:\Users\andrea.terzani\AppData\Local\Programs\Python\Python35;C:\oracle\product\11.2.0\client_1\bin;C:\oracle\product\11.2.0\client_1;c:\uncrustify;C:\Users\andrea.terzani\AppData\Roaming\npm

Yarn version: 
  1.0.0

Node version: 
  9.1.0

Platform: 
  win32 x64

npm manifest: 
  {
    "name": "donkeysgat",
    "version": "1.0.0",
    "description": "",
    "main": "index.js",
    "scripts": {
      "test": "echo \"Error: no test specified\" && exit 1"
    },
    "author": "",
    "license": "ISC",
    "dependencies": {
      "fs-extra": "^5.0.0"
    }
  }

yarn manifest: 
  No manifest

Lockfile: 
  # THIS IS AN AUTOGENERATED FILE. DO NOT EDIT THIS FILE DIRECTLY.
  # yarn lockfile v1
  
  
  fs-extra@^5.0.0:
    version "5.0.0"
    resolved "https://registry.yarnpkg.com/fs-extra/-/fs-extra-5.0.0.tgz#414d0110cdd06705734d055652c5411260c31abd"
    dependencies:
      graceful-fs "^4.1.2"
      jsonfile "^4.0.0"
      universalify "^0.1.0"
  
  graceful-fs@^4.1.2, graceful-fs@^4.1.6:
    version "4.1.11"
    resolved "https://registry.yarnpkg.com/graceful-fs/-/graceful-fs-4.1.11.tgz#0e8bdfe4d1ddb8854d64e04ea7c00e2a026e5658"
  
  jsonfile@^4.0.0:
    version "4.0.0"
    resolved "https://registry.yarnpkg.com/jsonfile/-/jsonfile-4.0.0.tgz#8771aae0799b64076b76640fca058f9c10e33ecb"
    optionalDependencies:
      graceful-fs "^4.1.6"
  
  universalify@^0.1.0:
    version "0.1.1"
    resolved "https://registry.yarnpkg.com/universalify/-/universalify-0.1.1.tgz#fa71badd4437af4c148841e3b3b165f9e9e590b7"

Trace: 
  Error: canceled
      at Interface.<anonymous> (C:\Users\andrea.terzani\AppData\Roaming\npm\node_modules\yarn\lib\cli.js:115236:13)
      at emitNone (events.js:115:13)
      at Interface.emit (events.js:218:7)
      at Interface._ttyWrite (readline.js:786:16)
      at ReadStream.onkeypress (readline.js:165:10)
      at emitTwo (events.js:135:13)
      at ReadStream.emit (events.js:224:7)
      at emitKeys (internal/readline.js:420:14)
      at emitKeys.next (<anonymous>)
      at ReadStream.onData (readline.js:1022:36)
